[2026-03-03 01:25:37,813] INFO       IOC Fetcher daemon started (interval: 3600s)
[2026-03-03 01:25:37,814] INFO       Fetching IOCs from endpoint...
[2026-03-03 01:25:37,820] INFO       Parsed: 165 domains + 22 IPs
[2026-03-03 01:25:37,821] INFO       Saved: 165 domains, 22 IPs
[2026-03-03 01:25:37,821] INFO       Resolving domains to IPs...
[2026-03-03 01:25:37,838] WARNING      Cannot resolve: bqxsarhu.xyz
[2026-03-03 01:25:37,842] WARNING      Cannot resolve: qxfpdbko.xyz
[2026-03-03 01:25:37,908] WARNING      Cannot resolve: zkwf1jka.xyz
[2026-03-03 01:25:37,913] WARNING      Cannot resolve: ivjlemmr.xyz
[2026-03-03 01:25:37,972] WARNING      Cannot resolve: esmeceno.xyz
[2026-03-03 01:25:37,975] WARNING      Cannot resolve: cluxhjuk.xyz
[2026-03-03 01:25:38,036] WARNING      Cannot resolve: voihpdpy.xyz
[2026-03-03 01:25:38,039] WARNING      Cannot resolve: mtwouhao.xyz
[2026-03-03 01:25:38,076] WARNING      Cannot resolve: hrftzzqg.xyz
[2026-03-03 01:25:38,081] WARNING      Cannot resolve: cjhdaujk.xyz
[2026-03-03 01:25:38,085] WARNING      Cannot resolve: vjbpcohw.xyz
[2026-03-03 01:25:38,140] WARNING      Cannot resolve: rbmbhgpn.xyz
[2026-03-03 01:25:38,175] WARNING      Cannot resolve: ybrprbtu.xyz
[2026-03-03 01:25:38,210] WARNING      Cannot resolve: jacwcvqt.xyz
[2026-03-03 01:25:38,245] WARNING      Cannot resolve: cezsikty.xyz
[2026-03-03 01:25:38,249] WARNING      Cannot resolve: ywmvudyi.xyz
[2026-03-03 01:25:38,286] WARNING      Cannot resolve: bnfxczkj.xyz
[2026-03-03 01:25:38,321] WARNING      Cannot resolve: iiyximvq.xyz
[2026-03-03 01:25:38,377] WARNING      Cannot resolve: fq2xm9rz.xyz
[2026-03-03 01:25:38,412] WARNING      Cannot resolve: dfpgukqs.xyz
[2026-03-03 01:25:38,416] WARNING      Cannot resolve: evcsgbol.xyz
[2026-03-03 01:25:38,420] WARNING      Cannot resolve: vz3l6wq4.xyz
[2026-03-03 01:25:38,455] WARNING      Cannot resolve: oksyxiqk.xyz
[2026-03-03 01:25:38,460] WARNING      Cannot resolve: nmlyvzhb.xyz
[2026-03-03 01:25:38,518] WARNING      Cannot resolve: attcpehd.xyz
[2026-03-03 01:25:38,558] WARNING      Cannot resolve: zuxjxgzt.xyz
[2026-03-03 01:25:38,618] WARNING      Cannot resolve: rnadnagb.xyz
[2026-03-03 01:25:38,623] WARNING      Cannot resolve: ogvsjrzp.xyz
[2026-03-03 01:25:38,681] WARNING      Cannot resolve: srppazza.xyz
[2026-03-03 01:25:38,738] WARNING      Cannot resolve: ipnyqhke.xyz
[2026-03-03 01:25:38,803] WARNING      Cannot resolve: kcxnwvlv.xyz
[2026-03-03 01:25:38,838] WARNING      Cannot resolve: mvntyldb.xyz
[2026-03-03 01:25:38,841] WARNING      Cannot resolve: auycsdvk.xyz
[2026-03-03 01:25:38,845] WARNING      Cannot resolve: erveo7rb.xyz
[2026-03-03 01:25:38,903] WARNING      Cannot resolve: 2puw5o64.xyz
[2026-03-03 01:25:38,907] WARNING      Cannot resolve: ofteiczw.xyz
[2026-03-03 01:25:38,977] WARNING      Cannot resolve: ocjhedjr.xyz
[2026-03-03 01:25:39,034] WARNING      Cannot resolve: lxbdqihy.xyz
[2026-03-03 01:25:39,068] WARNING      Cannot resolve: owibsmmy.xyz
[2026-03-03 01:25:39,072] WARNING      Cannot resolve: updrfrjt.xyz
[2026-03-03 01:25:39,105] WARNING      Cannot resolve: vhktvgtf.xyz
[2026-03-03 01:25:39,141] WARNING      Cannot resolve: ynncwosp.xyz
[2026-03-03 01:25:39,174] WARNING      Cannot resolve: bghxlwkc.xyz
[2026-03-03 01:25:39,179] WARNING      Cannot resolve: udsnzoyu.xyz
[2026-03-03 01:25:39,182] WARNING      Cannot resolve: uc9i5cjx.xyz
[2026-03-03 01:25:39,217] WARNING      Cannot resolve: kqpmztrd.xyz
[2026-03-03 01:25:39,252] WARNING      Cannot resolve: wzbweoau.xyz
[2026-03-03 01:25:39,287] WARNING      Cannot resolve: qeywpydg.xyz
[2026-03-03 01:25:39,291] WARNING      Cannot resolve: os6dx651.xyz
[2026-03-03 01:25:39,295] WARNING      Cannot resolve: hzovbscu.xyz
[2026-03-03 01:25:39,330] WARNING      Cannot resolve: jxlujmgg.xyz
[2026-03-03 01:25:39,378] WARNING      Cannot resolve: uioneizh.xyz
[2026-03-03 01:25:39,382] WARNING      Cannot resolve: burgqbgk.xyz
[2026-03-03 01:25:39,416] WARNING      Cannot resolve: yefifcpv.xyz
[2026-03-03 01:25:39,455] WARNING      Cannot resolve: gtedijfp.xyz
[2026-03-03 01:25:39,490] WARNING      Cannot resolve: jhyohyys.xyz
[2026-03-03 01:25:39,597] WARNING      Cannot resolve: sddoufhg.xyz
[2026-03-03 01:25:39,636] WARNING      Cannot resolve: vgzhucei.xyz
[2026-03-03 01:25:39,670] WARNING      Cannot resolve: cukutdys.xyz
[2026-03-03 01:25:39,674] WARNING      Cannot resolve: edfeonai.xyz
[2026-03-03 01:25:39,734] WARNING      Cannot resolve: 1l14s7np.xyz
[2026-03-03 01:25:39,771] WARNING      Cannot resolve: eyioyqhi.xyz
[2026-03-03 01:25:39,806] WARNING      Cannot resolve: uxghapzj.xyz
[2026-03-03 01:25:39,840] WARNING      Cannot resolve: exsgymes.xyz
[2026-03-03 01:25:39,876] WARNING      Cannot resolve: gmyodoua.xyz
[2026-03-03 01:25:39,879] WARNING      Cannot resolve: xenlmazf.xyz
[2026-03-03 01:25:39,880] INFO         cdn.jsdelivr.net -> 104.16.174.226, 104.16.175.226
[2026-03-03 01:25:39,884] WARNING      Cannot resolve: lxodrslw.xyz
[2026-03-03 01:25:39,943] WARNING      Cannot resolve: lzvtdqlh.xyz
[2026-03-03 01:25:40,000] WARNING      Cannot resolve: tmnpixbs.xyz
[2026-03-03 01:25:40,004] WARNING      Cannot resolve: lueqgwdg.xyz
[2026-03-03 01:25:40,040] WARNING      Cannot resolve: qmzxyuki.xyz
[2026-03-03 01:25:40,046] WARNING      Cannot resolve: mjsdadow.xyz
[2026-03-03 01:25:40,080] WARNING      Cannot resolve: kaeliyvu.xyz
[2026-03-03 01:25:40,114] WARNING      Cannot resolve: xrwfvndh.xyz
[2026-03-03 01:25:40,170] WARNING      Cannot resolve: g5oazod9.xyz
[2026-03-03 01:25:40,204] WARNING      Cannot resolve: ljaaeqbt.xyz
[2026-03-03 01:25:40,237] WARNING      Cannot resolve: obrlevsr.xyz
[2026-03-03 01:25:40,273] WARNING      Cannot resolve: orcjtktm.xyz
[2026-03-03 01:25:40,312] WARNING      Cannot resolve: bgwyvsce.xyz
[2026-03-03 01:25:40,373] WARNING      Cannot resolve: wmxphecr.xyz
[2026-03-03 01:25:40,437] WARNING      Cannot resolve: bscdwbno.xyz
[2026-03-03 01:25:40,441] WARNING      Cannot resolve: nbqcbjcx.xyz
[2026-03-03 01:25:40,478] WARNING      Cannot resolve: inbibulf.xyz
[2026-03-03 01:25:40,518] WARNING      Cannot resolve: adlzosoe.xyz
[2026-03-03 01:25:40,551] WARNING      Cannot resolve: azhvgwsv.xyz
[2026-03-03 01:25:40,660] INFO         unit42.paloaltonetworks.com -> 23.57.211.75
[2026-03-03 01:25:40,668] WARNING      Cannot resolve: taxii-check-20260303-001.example
[2026-03-03 01:25:40,669] INFO         twpsc.edu.pk -> 185.209.230.3
[2026-03-03 01:25:40,703] WARNING      Cannot resolve: fjpcaeov.xyz
[2026-03-03 01:25:40,737] WARNING      Cannot resolve: soheofob.xyz
[2026-03-03 01:25:40,757] WARNING      Cannot resolve: jmr25ks5.xyz
[2026-03-03 01:25:40,762] WARNING      Cannot resolve: btvhnpbc.xyz
[2026-03-03 01:25:40,796] WARNING      Cannot resolve: iot46kfv.xyz
[2026-03-03 01:25:40,830] WARNING      Cannot resolve: witlzkaz.xyz
[2026-03-03 01:25:40,835] WARNING      Cannot resolve: vyigcbdh.xyz
[2026-03-03 01:25:40,868] WARNING      Cannot resolve: hujpxkht.xyz
[2026-03-03 01:25:40,903] WARNING      Cannot resolve: ujmfcahm.xyz
[2026-03-03 01:25:40,938] WARNING      Cannot resolve: ltyykbvq.xyz
[2026-03-03 01:25:40,941] WARNING      Cannot resolve: wyabqjml.xyz
[2026-03-03 01:25:40,975] WARNING      Cannot resolve: 6l7c613p.xyz
[2026-03-03 01:25:41,010] WARNING      Cannot resolve: tuyfdqvp.xyz
[2026-03-03 01:25:41,063] WARNING      Cannot resolve: xwph0rqa.xyz
[2026-03-03 01:25:41,067] WARNING      Cannot resolve: lxaiauic.xyz
[2026-03-03 01:25:41,122] WARNING      Cannot resolve: ruvsyczy.xyz
[2026-03-03 01:25:41,178] WARNING      Cannot resolve: ifhptqfg.xyz
[2026-03-03 01:25:41,215] WARNING      Cannot resolve: hpuaohfu.xyz
[2026-03-03 01:25:41,218] WARNING      Cannot resolve: dwcxuuyy.xyz
[2026-03-03 01:25:41,255] WARNING      Cannot resolve: kvsmaruh.xyz
[2026-03-03 01:25:41,290] WARNING      Cannot resolve: iyuvcidg.xyz
[2026-03-03 01:25:41,358] WARNING      Cannot resolve: rmxkmnrk.xyz
[2026-03-03 01:25:41,395] WARNING      Cannot resolve: xdcjatgh.xyz
[2026-03-03 01:25:41,430] WARNING      Cannot resolve: 56lwuq98.xyz
[2026-03-03 01:25:41,470] WARNING      Cannot resolve: oyeboxws.xyz
[2026-03-03 01:25:41,505] WARNING      Cannot resolve: iykzszow.xyz
[2026-03-03 01:25:41,540] WARNING      Cannot resolve: quuwebra.xyz
[2026-03-03 01:25:41,576] WARNING      Cannot resolve: kzrjxlzj.xyz
[2026-03-03 01:25:41,614] WARNING      Cannot resolve: gvoomfth.xyz
[2026-03-03 01:25:41,619] WARNING      Cannot resolve: rgeqlmgw.xyz
[2026-03-03 01:25:41,680] WARNING      Cannot resolve: lixcwtte.xyz
[2026-03-03 01:25:41,735] WARNING      Cannot resolve: yhwsyrno.xyz
[2026-03-03 01:25:41,771] WARNING      Cannot resolve: yfvgoalr.xyz
[2026-03-03 01:25:41,805] WARNING      Cannot resolve: ietbsjet.xyz
[2026-03-03 01:25:41,843] WARNING      Cannot resolve: ahcjfuct.xyz
[2026-03-03 01:25:41,857] WARNING      Cannot resolve: qfacshnp.xyz
[2026-03-03 01:25:41,895] WARNING      Cannot resolve: lldlbkse.xyz
[2026-03-03 01:25:41,930] WARNING      Cannot resolve: gzyctfuc.xyz
[2026-03-03 01:25:41,966] WARNING      Cannot resolve: laubydsz.xyz
[2026-03-03 01:25:41,970] WARNING      Cannot resolve: jdvgmwau.xyz
[2026-03-03 01:25:42,003] WARNING      Cannot resolve: swvilsrf.xyz
[2026-03-03 01:25:42,009] WARNING      Cannot resolve: xjhrxgco.xyz
[2026-03-03 01:25:42,068] WARNING      Cannot resolve: jytnvryp.xyz
[2026-03-03 01:25:42,102] WARNING      Cannot resolve: mlsarfbx.xyz
[2026-03-03 01:25:42,149] WARNING      Cannot resolve: wbjfxfok.xyz
[2026-03-03 01:25:42,183] WARNING      Cannot resolve: elnrhxml.xyz
[2026-03-03 01:25:42,217] WARNING      Cannot resolve: knuvqydu.xyz
[2026-03-03 01:25:42,252] WARNING      Cannot resolve: izkkbcwt.xyz
[2026-03-03 01:25:42,305] WARNING      Cannot resolve: pnycdqzp.xyz
[2026-03-03 01:25:42,359] WARNING      Cannot resolve: fokfwyaj.xyz
[2026-03-03 01:25:42,394] WARNING      Cannot resolve: mpfwntfz.xyz
[2026-03-03 01:25:42,453] WARNING      Cannot resolve: hrqovfen.xyz
[2026-03-03 01:25:42,475] WARNING      Cannot resolve: streets-bull-alt-safari.trycloudflare.com
[2026-03-03 01:25:42,479] WARNING      Cannot resolve: pedgwkam.xyz
[2026-03-03 01:25:42,485] WARNING      Cannot resolve: ujruppzo.xyz
[2026-03-03 01:25:42,529] WARNING      Cannot resolve: yrxdcgoo.xyz
[2026-03-03 01:25:42,564] WARNING      Cannot resolve: lmosmunw.xyz
[2026-03-03 01:25:42,597] WARNING      Cannot resolve: lbw3ij2h.xyz
[2026-03-03 01:25:42,638] WARNING      Cannot resolve: wgtsbypi.xyz
[2026-03-03 01:25:42,672] WARNING      Cannot resolve: z508yxrc.xyz
[2026-03-03 01:25:42,707] WARNING      Cannot resolve: dayzucay.xyz
[2026-03-03 01:25:42,742] WARNING      Cannot resolve: umkeoqxi.xyz
[2026-03-03 01:25:42,776] WARNING      Cannot resolve: rhzttlir.xyz
[2026-03-03 01:25:42,836] WARNING      Cannot resolve: gemozrqt.xyz
[2026-03-03 01:25:42,905] WARNING      Cannot resolve: dfeipvjv.xyz
[2026-03-03 01:25:42,938] WARNING      Cannot resolve: zpwhzcuh.xyz
[2026-03-03 01:25:42,978] WARNING      Cannot resolve: vtifqzzb.xyz
[2026-03-03 01:25:43,015] WARNING      Cannot resolve: hhpglfol.xyz
[2026-03-03 01:25:43,050] WARNING      Cannot resolve: rjooiyab.xyz
[2026-03-03 01:25:43,094] WARNING      Cannot resolve: a9350i8z.xyz
[2026-03-03 01:25:43,130] WARNING      Cannot resolve: lsiblpys.xyz
[2026-03-03 01:25:43,134] WARNING      Cannot resolve: 512qe0r4.xyz
[2026-03-03 01:25:43,138] WARNING      Cannot resolve: muicywcz.xyz
[2026-03-03 01:25:43,171] WARNING      Cannot resolve: lqssptbf.xyz
[2026-03-03 01:25:43,225] WARNING      Cannot resolve: visedgpl.xyz
[2026-03-03 01:25:43,285] WARNING      Cannot resolve: jhmgrmsa.xyz
